02-Aug-2023 21:41:01.691 INFO [main] org.apache.catalina.startup.VersionLoggerListener.log Nombre de la versión del servidor: Apache Tomcat/9.0.41
02-Aug-2023 21:41:01.708 INFO [main] org.apache.catalina.startup.VersionLoggerListener.log Server built:                      Dec 3 2020 11:43:00 UTC
02-Aug-2023 21:41:01.708 INFO [main] org.apache.catalina.startup.VersionLoggerListener.log Número de versión de servidor:     9.0.41.0
02-Aug-2023 21:41:01.708 INFO [main] org.apache.catalina.startup.VersionLoggerListener.log OS Name:                           Windows 11
02-Aug-2023 21:41:01.709 INFO [main] org.apache.catalina.startup.VersionLoggerListener.log Versión de Systema Operativo:      10.0
02-Aug-2023 21:41:01.709 INFO [main] org.apache.catalina.startup.VersionLoggerListener.log Arquitectura:                      amd64
02-Aug-2023 21:41:01.709 INFO [main] org.apache.catalina.startup.VersionLoggerListener.log Java Home:                         C:\Program Files\Java\jdk-17.0.2
02-Aug-2023 21:41:01.709 INFO [main] org.apache.catalina.startup.VersionLoggerListener.log JVM Version:                       17.0.2+8-LTS-86
02-Aug-2023 21:41:01.710 INFO [main] org.apache.catalina.startup.VersionLoggerListener.log Vededor JVM:                       Oracle Corporation
02-Aug-2023 21:41:01.710 INFO [main] org.apache.catalina.startup.VersionLoggerListener.log CATALINA_BASE:                     C:\Users\jose\Desktop\Javaweb MVC POO-20230802T034113Z-001\Javaweb MVC POO\instaladores\instaladores\apache-tomcat-9.0.41\apache-tomcat-9.0.41
02-Aug-2023 21:41:01.710 INFO [main] org.apache.catalina.startup.VersionLoggerListener.log CATALINA_HOME:                     C:\Users\jose\Desktop\Javaweb MVC POO-20230802T034113Z-001\Javaweb MVC POO\instaladores\instaladores\apache-tomcat-9.0.41\apache-tomcat-9.0.41
02-Aug-2023 21:41:01.855 INFO [main] org.apache.catalina.startup.VersionLoggerListener.log Command line argument:             --add-opens=java.base/java.lang=ALL-UNNAMED
02-Aug-2023 21:41:01.855 INFO [main] org.apache.catalina.startup.VersionLoggerListener.log Command line argument:             --add-opens=java.base/java.io=ALL-UNNAMED
02-Aug-2023 21:41:01.855 INFO [main] org.apache.catalina.startup.VersionLoggerListener.log Command line argument:             --add-opens=java.rmi/sun.rmi.transport=ALL-UNNAMED
02-Aug-2023 21:41:01.857 INFO [main] org.apache.catalina.startup.VersionLoggerListener.log Command line argument:             -Djava.util.logging.config.file=C:\Users\jose\Desktop\Javaweb MVC POO-20230802T034113Z-001\Javaweb MVC POO\instaladores\instaladores\apache-tomcat-9.0.41\apache-tomcat-9.0.41\conf\logging.properties
02-Aug-2023 21:41:01.857 INFO [main] org.apache.catalina.startup.VersionLoggerListener.log Command line argument:             -Djava.util.logging.manager=org.apache.juli.ClassLoaderLogManager
02-Aug-2023 21:41:01.857 INFO [main] org.apache.catalina.startup.VersionLoggerListener.log Command line argument:             -Dhttp.nonProxyHosts=localhost|127.0.0.1|LAPTOP-6RU76BJ3
02-Aug-2023 21:41:01.858 INFO [main] org.apache.catalina.startup.VersionLoggerListener.log Command line argument:             -Djdk.tls.ephemeralDHKeySize=2048
02-Aug-2023 21:41:01.858 INFO [main] org.apache.catalina.startup.VersionLoggerListener.log Command line argument:             -Djava.protocol.handler.pkgs=org.apache.catalina.webresources
02-Aug-2023 21:41:01.858 INFO [main] org.apache.catalina.startup.VersionLoggerListener.log Command line argument:             -Dignore.endorsed.dirs=
02-Aug-2023 21:41:01.858 INFO [main] org.apache.catalina.startup.VersionLoggerListener.log Command line argument:             -Dcatalina.base=C:\Users\jose\Desktop\Javaweb MVC POO-20230802T034113Z-001\Javaweb MVC POO\instaladores\instaladores\apache-tomcat-9.0.41\apache-tomcat-9.0.41
02-Aug-2023 21:41:01.858 INFO [main] org.apache.catalina.startup.VersionLoggerListener.log Command line argument:             -Dcatalina.home=C:\Users\jose\Desktop\Javaweb MVC POO-20230802T034113Z-001\Javaweb MVC POO\instaladores\instaladores\apache-tomcat-9.0.41\apache-tomcat-9.0.41
02-Aug-2023 21:41:01.858 INFO [main] org.apache.catalina.startup.VersionLoggerListener.log Command line argument:             -Djava.io.tmpdir=C:\Users\jose\Desktop\Javaweb MVC POO-20230802T034113Z-001\Javaweb MVC POO\instaladores\instaladores\apache-tomcat-9.0.41\apache-tomcat-9.0.41\temp
02-Aug-2023 21:41:01.888 INFO [main] org.apache.catalina.core.AprLifecycleListener.lifecycleEvent Cargada la biblioteca nativa APR de Apache Tomcat [1.2.25] con la versión APR [1.7.0].
02-Aug-2023 21:41:01.889 INFO [main] org.apache.catalina.core.AprLifecycleListener.lifecycleEvent Capacidades APR: IPv6 [true], enviar fichero [true], aceptar filtros [false], aleatorio [true].
02-Aug-2023 21:41:01.889 INFO [main] org.apache.catalina.core.AprLifecycleListener.lifecycleEvent APR/OpenSSL configuration: useAprConnector [false], useOpenSSL [true]
02-Aug-2023 21:41:01.931 INFO [main] org.apache.catalina.core.AprLifecycleListener.initializeSSL OpenSSL inicializado correctamente [OpenSSL 1.1.1g  21 Apr 2020]
02-Aug-2023 21:41:03.468 INFO [main] org.apache.coyote.AbstractProtocol.init Inicializando el manejador de protocolo ["http-nio-8089"]

02-Aug-2023 21:41:04.322 INFO [main] org.apache.catalina.startup.Catalina.load Server initialization in [3734] milliseconds
02-Aug-2023 21:41:04.597 INFO [main] org.apache.catalina.core.StandardService.startInternal Arrancando servicio [Catalina]
02-Aug-2023 21:41:04.597 INFO [main] org.apache.catalina.core.StandardEngine.startInternal Starting Servlet engine: [Apache Tomcat/9.0.41]
02-Aug-2023 21:41:04.632 INFO [main] org.apache.catalina.startup.HostConfig.deployDirectory Desplegando el directorio [C:\Users\jose\Desktop\Javaweb MVC POO-20230802T034113Z-001\Javaweb MVC POO\instaladores\instaladores\apache-tomcat-9.0.41\apache-tomcat-9.0.41\webapps\docs] de la aplicación web
02-Aug-2023 21:41:06.150 INFO [main] org.apache.jasper.servlet.TldScanner.scanJars Al menos un JAR, que se ha explorado buscando TLDs, aún no contenía TLDs. Activar historial de depuración para este historiador para una completa lista de los JARs que fueron explorados y de los que nos se halló TLDs. Saltarse JARs no necesarios durante la exploración puede dar lugar a una mejora de tiempo significativa en el arranque y compilación de JSP .
02-Aug-2023 21:41:06.419 WARNING [main] org.apache.catalina.util.SessionIdGeneratorBase.createSecureRandom Creation of SecureRandom instance for session ID generation using [SHA1PRNG] took [153] milliseconds.
02-Aug-2023 21:41:06.536 INFO [main] org.apache.catalina.startup.HostConfig.deployDirectory Deployment of web application directory [C:\Users\jose\Desktop\Javaweb MVC POO-20230802T034113Z-001\Javaweb MVC POO\instaladores\instaladores\apache-tomcat-9.0.41\apache-tomcat-9.0.41\webapps\docs] has finished in [1.904] ms
02-Aug-2023 21:41:06.537 INFO [main] org.apache.catalina.startup.HostConfig.deployDirectory Desplegando el directorio [C:\Users\jose\Desktop\Javaweb MVC POO-20230802T034113Z-001\Javaweb MVC POO\instaladores\instaladores\apache-tomcat-9.0.41\apache-tomcat-9.0.41\webapps\examples] de la aplicación web
02-Aug-2023 21:41:08.470 INFO [main] org.apache.jasper.servlet.TldScanner.scanJars Al menos un JAR, que se ha explorado buscando TLDs, aún no contenía TLDs. Activar historial de depuración para este historiador para una completa lista de los JARs que fueron explorados y de los que nos se halló TLDs. Saltarse JARs no necesarios durante la exploración puede dar lugar a una mejora de tiempo significativa en el arranque y compilación de JSP .
02-Aug-2023 21:41:08.663 INFO [main] org.apache.catalina.startup.HostConfig.deployDirectory Deployment of web application directory [C:\Users\jose\Desktop\Javaweb MVC POO-20230802T034113Z-001\Javaweb MVC POO\instaladores\instaladores\apache-tomcat-9.0.41\apache-tomcat-9.0.41\webapps\examples] has finished in [2.125] ms
02-Aug-2023 21:41:08.663 INFO [main] org.apache.catalina.startup.HostConfig.deployDirectory Desplegando el directorio [C:\Users\jose\Desktop\Javaweb MVC POO-20230802T034113Z-001\Javaweb MVC POO\instaladores\instaladores\apache-tomcat-9.0.41\apache-tomcat-9.0.41\webapps\host-manager] de la aplicación web
02-Aug-2023 21:41:08.958 INFO [main] org.apache.jasper.servlet.TldScanner.scanJars Al menos un JAR, que se ha explorado buscando TLDs, aún no contenía TLDs. Activar historial de depuración para este historiador para una completa lista de los JARs que fueron explorados y de los que nos se halló TLDs. Saltarse JARs no necesarios durante la exploración puede dar lugar a una mejora de tiempo significativa en el arranque y compilación de JSP .
02-Aug-2023 21:41:08.980 INFO [main] org.apache.catalina.startup.HostConfig.deployDirectory Deployment of web application directory [C:\Users\jose\Desktop\Javaweb MVC POO-20230802T034113Z-001\Javaweb MVC POO\instaladores\instaladores\apache-tomcat-9.0.41\apache-tomcat-9.0.41\webapps\host-manager] has finished in [316] ms
02-Aug-2023 21:41:08.980 INFO [main] org.apache.catalina.startup.HostConfig.deployDirectory Desplegando el directorio [C:\Users\jose\Desktop\Javaweb MVC POO-20230802T034113Z-001\Javaweb MVC POO\instaladores\instaladores\apache-tomcat-9.0.41\apache-tomcat-9.0.41\webapps\manager] de la aplicación web
02-Aug-2023 21:41:09.286 INFO [main] org.apache.jasper.servlet.TldScanner.scanJars Al menos un JAR, que se ha explorado buscando TLDs, aún no contenía TLDs. Activar historial de depuración para este historiador para una completa lista de los JARs que fueron explorados y de los que nos se halló TLDs. Saltarse JARs no necesarios durante la exploración puede dar lugar a una mejora de tiempo significativa en el arranque y compilación de JSP .
02-Aug-2023 21:41:09.293 INFO [main] org.apache.catalina.startup.HostConfig.deployDirectory Deployment of web application directory [C:\Users\jose\Desktop\Javaweb MVC POO-20230802T034113Z-001\Javaweb MVC POO\instaladores\instaladores\apache-tomcat-9.0.41\apache-tomcat-9.0.41\webapps\manager] has finished in [313] ms
02-Aug-2023 21:41:09.294 INFO [main] org.apache.catalina.startup.HostConfig.deployDirectory Desplegando el directorio [C:\Users\jose\Desktop\Javaweb MVC POO-20230802T034113Z-001\Javaweb MVC POO\instaladores\instaladores\apache-tomcat-9.0.41\apache-tomcat-9.0.41\webapps\ROOT] de la aplicación web
02-Aug-2023 21:41:09.529 INFO [main] org.apache.jasper.servlet.TldScanner.scanJars Al menos un JAR, que se ha explorado buscando TLDs, aún no contenía TLDs. Activar historial de depuración para este historiador para una completa lista de los JARs que fueron explorados y de los que nos se halló TLDs. Saltarse JARs no necesarios durante la exploración puede dar lugar a una mejora de tiempo significativa en el arranque y compilación de JSP .
02-Aug-2023 21:41:09.537 INFO [main] org.apache.catalina.startup.HostConfig.deployDirectory Deployment of web application directory [C:\Users\jose\Desktop\Javaweb MVC POO-20230802T034113Z-001\Javaweb MVC POO\instaladores\instaladores\apache-tomcat-9.0.41\apache-tomcat-9.0.41\webapps\ROOT] has finished in [242] ms
02-Aug-2023 21:41:09.543 INFO [main] org.apache.coyote.AbstractProtocol.start Starting ProtocolHandler ["http-nio-8089"]
02-Aug-2023 21:41:09.686 INFO [main] org.apache.catalina.startup.Catalina.start Server startup in [5362] milliseconds
02-Aug-2023 21:41:24.567 INFO [http-nio-8089-exec-10] org.apache.catalina.startup.HostConfig.deployDescriptor Desplieque del descriptor de configuración [C:\Users\jose\Desktop\Javaweb MVC POO-20230802T034113Z-001\Javaweb MVC POO\instaladores\instaladores\apache-tomcat-9.0.41\apache-tomcat-9.0.41\conf\Catalina\localhost\CRUDJavaWeb.xml]
02-Aug-2023 21:41:24.576 WARNING [http-nio-8089-exec-10] org.apache.catalina.startup.HostConfig.deployDescriptor The path attribute with value [/CRUDJavaWeb] in deployment descriptor [C:\Users\jose\Desktop\Javaweb MVC POO-20230802T034113Z-001\Javaweb MVC POO\instaladores\instaladores\apache-tomcat-9.0.41\apache-tomcat-9.0.41\conf\Catalina\localhost\CRUDJavaWeb.xml] has been ignored
02-Aug-2023 21:41:25.939 INFO [http-nio-8089-exec-10] org.apache.jasper.servlet.TldScanner.scanJars Al menos un JAR, que se ha explorado buscando TLDs, aún no contenía TLDs. Activar historial de depuración para este historiador para una completa lista de los JARs que fueron explorados y de los que nos se halló TLDs. Saltarse JARs no necesarios durante la exploración puede dar lugar a una mejora de tiempo significativa en el arranque y compilación de JSP .
02-Aug-2023 21:41:26.024 INFO [http-nio-8089-exec-10] org.apache.catalina.startup.HostConfig.deployDescriptor Deployment of deployment descriptor [C:\Users\jose\Desktop\Javaweb MVC POO-20230802T034113Z-001\Javaweb MVC POO\instaladores\instaladores\apache-tomcat-9.0.41\apache-tomcat-9.0.41\conf\Catalina\localhost\CRUDJavaWeb.xml] has finished in [1.455] ms
02-Aug-2023 21:41:26.032 INFO [http-nio-8089-exec-9] org.apache.catalina.util.LifecycleBase.start The start() method was called on component [StandardEngine[Catalina].StandardHost[localhost].StandardContext[/CRUDJavaWeb]] after start() had already been called. The second call will be ignored.
02-Aug-2023 22:34:39.564 INFO [main] org.apache.catalina.core.StandardServer.await Se ha recibido un comando de apagado a través del puerto de apagado. Parando la instancia del Servidor.
02-Aug-2023 22:34:39.585 INFO [main] org.apache.coyote.AbstractProtocol.pause Pausing ProtocolHandler ["http-nio-8089"]
02-Aug-2023 22:34:39.635 INFO [main] org.apache.catalina.core.StandardService.stopInternal Parando servicio [Catalina]
02-Aug-2023 22:34:39.911 INFO [main] org.apache.coyote.AbstractProtocol.stop Stopping ProtocolHandler ["http-nio-8089"]
02-Aug-2023 22:34:39.960 INFO [main] org.apache.coyote.AbstractProtocol.destroy Destroying ProtocolHandler ["http-nio-8089"]
02-Aug-2023 22:49:14.557 INFO [main] org.apache.catalina.startup.VersionLoggerListener.log Nombre de la versión del servidor: Apache Tomcat/9.0.41
02-Aug-2023 22:49:14.561 INFO [main] org.apache.catalina.startup.VersionLoggerListener.log Server built:                      Dec 3 2020 11:43:00 UTC
02-Aug-2023 22:49:14.562 INFO [main] org.apache.catalina.startup.VersionLoggerListener.log Número de versión de servidor:     9.0.41.0
02-Aug-2023 22:49:14.562 INFO [main] org.apache.catalina.startup.VersionLoggerListener.log OS Name:                           Windows 11
02-Aug-2023 22:49:14.562 INFO [main] org.apache.catalina.startup.VersionLoggerListener.log Versión de Systema Operativo:      10.0
02-Aug-2023 22:49:14.562 INFO [main] org.apache.catalina.startup.VersionLoggerListener.log Arquitectura:                      amd64
02-Aug-2023 22:49:14.562 INFO [main] org.apache.catalina.startup.VersionLoggerListener.log Java Home:                         C:\Program Files\Java\jdk-17.0.2
02-Aug-2023 22:49:14.562 INFO [main] org.apache.catalina.startup.VersionLoggerListener.log JVM Version:                       17.0.2+8-LTS-86
02-Aug-2023 22:49:14.562 INFO [main] org.apache.catalina.startup.VersionLoggerListener.log Vededor JVM:                       Oracle Corporation
02-Aug-2023 22:49:14.562 INFO [main] org.apache.catalina.startup.VersionLoggerListener.log CATALINA_BASE:                     C:\Users\jose\Desktop\Javaweb MVC POO-20230802T034113Z-001\Javaweb MVC POO\instaladores\instaladores\apache-tomcat-9.0.41\apache-tomcat-9.0.41
02-Aug-2023 22:49:14.562 INFO [main] org.apache.catalina.startup.VersionLoggerListener.log CATALINA_HOME:                     C:\Users\jose\Desktop\Javaweb MVC POO-20230802T034113Z-001\Javaweb MVC POO\instaladores\instaladores\apache-tomcat-9.0.41\apache-tomcat-9.0.41
02-Aug-2023 22:49:14.589 INFO [main] org.apache.catalina.startup.VersionLoggerListener.log Command line argument:             --add-opens=java.base/java.lang=ALL-UNNAMED
02-Aug-2023 22:49:14.589 INFO [main] org.apache.catalina.startup.VersionLoggerListener.log Command line argument:             --add-opens=java.base/java.io=ALL-UNNAMED
02-Aug-2023 22:49:14.590 INFO [main] org.apache.catalina.startup.VersionLoggerListener.log Command line argument:             --add-opens=java.rmi/sun.rmi.transport=ALL-UNNAMED
02-Aug-2023 22:49:14.590 INFO [main] org.apache.catalina.startup.VersionLoggerListener.log Command line argument:             -Djava.util.logging.config.file=C:\Users\jose\Desktop\Javaweb MVC POO-20230802T034113Z-001\Javaweb MVC POO\instaladores\instaladores\apache-tomcat-9.0.41\apache-tomcat-9.0.41\conf\logging.properties
02-Aug-2023 22:49:14.590 INFO [main] org.apache.catalina.startup.VersionLoggerListener.log Command line argument:             -Djava.util.logging.manager=org.apache.juli.ClassLoaderLogManager
02-Aug-2023 22:49:14.590 INFO [main] org.apache.catalina.startup.VersionLoggerListener.log Command line argument:             -Dhttp.nonProxyHosts=localhost|127.0.0.1|LAPTOP-6RU76BJ3
02-Aug-2023 22:49:14.590 INFO [main] org.apache.catalina.startup.VersionLoggerListener.log Command line argument:             -Djdk.tls.ephemeralDHKeySize=2048
02-Aug-2023 22:49:14.590 INFO [main] org.apache.catalina.startup.VersionLoggerListener.log Command line argument:             -Djava.protocol.handler.pkgs=org.apache.catalina.webresources
02-Aug-2023 22:49:14.590 INFO [main] org.apache.catalina.startup.VersionLoggerListener.log Command line argument:             -Dignore.endorsed.dirs=
02-Aug-2023 22:49:14.590 INFO [main] org.apache.catalina.startup.VersionLoggerListener.log Command line argument:             -Dcatalina.base=C:\Users\jose\Desktop\Javaweb MVC POO-20230802T034113Z-001\Javaweb MVC POO\instaladores\instaladores\apache-tomcat-9.0.41\apache-tomcat-9.0.41
02-Aug-2023 22:49:14.590 INFO [main] org.apache.catalina.startup.VersionLoggerListener.log Command line argument:             -Dcatalina.home=C:\Users\jose\Desktop\Javaweb MVC POO-20230802T034113Z-001\Javaweb MVC POO\instaladores\instaladores\apache-tomcat-9.0.41\apache-tomcat-9.0.41
02-Aug-2023 22:49:14.590 INFO [main] org.apache.catalina.startup.VersionLoggerListener.log Command line argument:             -Djava.io.tmpdir=C:\Users\jose\Desktop\Javaweb MVC POO-20230802T034113Z-001\Javaweb MVC POO\instaladores\instaladores\apache-tomcat-9.0.41\apache-tomcat-9.0.41\temp
02-Aug-2023 22:49:14.592 INFO [main] org.apache.catalina.core.AprLifecycleListener.lifecycleEvent Cargada la biblioteca nativa APR de Apache Tomcat [1.2.25] con la versión APR [1.7.0].
02-Aug-2023 22:49:14.592 INFO [main] org.apache.catalina.core.AprLifecycleListener.lifecycleEvent Capacidades APR: IPv6 [true], enviar fichero [true], aceptar filtros [false], aleatorio [true].
02-Aug-2023 22:49:14.592 INFO [main] org.apache.catalina.core.AprLifecycleListener.lifecycleEvent APR/OpenSSL configuration: useAprConnector [false], useOpenSSL [true]
02-Aug-2023 22:49:14.611 INFO [main] org.apache.catalina.core.AprLifecycleListener.initializeSSL OpenSSL inicializado correctamente [OpenSSL 1.1.1g  21 Apr 2020]
02-Aug-2023 22:49:14.883 INFO [main] org.apache.coyote.AbstractProtocol.init Inicializando el manejador de protocolo ["http-nio-8089"]

02-Aug-2023 22:49:15.357 INFO [main] org.apache.catalina.startup.Catalina.load Server initialization in [1014] milliseconds
02-Aug-2023 22:49:15.473 INFO [main] org.apache.catalina.core.StandardService.startInternal Arrancando servicio [Catalina]
02-Aug-2023 22:49:15.473 INFO [main] org.apache.catalina.core.StandardEngine.startInternal Starting Servlet engine: [Apache Tomcat/9.0.41]
02-Aug-2023 22:49:15.493 INFO [main] org.apache.catalina.startup.HostConfig.deployDescriptor Desplieque del descriptor de configuración [C:\Users\jose\Desktop\Javaweb MVC POO-20230802T034113Z-001\Javaweb MVC POO\instaladores\instaladores\apache-tomcat-9.0.41\apache-tomcat-9.0.41\conf\Catalina\localhost\CRUDJavaWeb.xml]
02-Aug-2023 22:49:15.551 WARNING [main] org.apache.catalina.startup.HostConfig.deployDescriptor The path attribute with value [/CRUDJavaWeb] in deployment descriptor [C:\Users\jose\Desktop\Javaweb MVC POO-20230802T034113Z-001\Javaweb MVC POO\instaladores\instaladores\apache-tomcat-9.0.41\apache-tomcat-9.0.41\conf\Catalina\localhost\CRUDJavaWeb.xml] has been ignored
02-Aug-2023 22:49:16.231 INFO [main] org.apache.jasper.servlet.TldScanner.scanJars Al menos un JAR, que se ha explorado buscando TLDs, aún no contenía TLDs. Activar historial de depuración para este historiador para una completa lista de los JARs que fueron explorados y de los que nos se halló TLDs. Saltarse JARs no necesarios durante la exploración puede dar lugar a una mejora de tiempo significativa en el arranque y compilación de JSP .
02-Aug-2023 22:49:16.322 INFO [main] org.apache.catalina.startup.HostConfig.deployDescriptor Deployment of deployment descriptor [C:\Users\jose\Desktop\Javaweb MVC POO-20230802T034113Z-001\Javaweb MVC POO\instaladores\instaladores\apache-tomcat-9.0.41\apache-tomcat-9.0.41\conf\Catalina\localhost\CRUDJavaWeb.xml] has finished in [826] ms
02-Aug-2023 22:49:16.322 INFO [main] org.apache.catalina.startup.HostConfig.deployDirectory Desplegando el directorio [C:\Users\jose\Desktop\Javaweb MVC POO-20230802T034113Z-001\Javaweb MVC POO\instaladores\instaladores\apache-tomcat-9.0.41\apache-tomcat-9.0.41\webapps\docs] de la aplicación web
02-Aug-2023 22:49:16.398 INFO [main] org.apache.jasper.servlet.TldScanner.scanJars Al menos un JAR, que se ha explorado buscando TLDs, aún no contenía TLDs. Activar historial de depuración para este historiador para una completa lista de los JARs que fueron explorados y de los que nos se halló TLDs. Saltarse JARs no necesarios durante la exploración puede dar lugar a una mejora de tiempo significativa en el arranque y compilación de JSP .
02-Aug-2023 22:49:16.401 INFO [main] org.apache.catalina.startup.HostConfig.deployDirectory Deployment of web application directory [C:\Users\jose\Desktop\Javaweb MVC POO-20230802T034113Z-001\Javaweb MVC POO\instaladores\instaladores\apache-tomcat-9.0.41\apache-tomcat-9.0.41\webapps\docs] has finished in [79] ms
02-Aug-2023 22:49:16.402 INFO [main] org.apache.catalina.startup.HostConfig.deployDirectory Desplegando el directorio [C:\Users\jose\Desktop\Javaweb MVC POO-20230802T034113Z-001\Javaweb MVC POO\instaladores\instaladores\apache-tomcat-9.0.41\apache-tomcat-9.0.41\webapps\examples] de la aplicación web
02-Aug-2023 22:49:16.759 INFO [main] org.apache.jasper.servlet.TldScanner.scanJars Al menos un JAR, que se ha explorado buscando TLDs, aún no contenía TLDs. Activar historial de depuración para este historiador para una completa lista de los JARs que fueron explorados y de los que nos se halló TLDs. Saltarse JARs no necesarios durante la exploración puede dar lugar a una mejora de tiempo significativa en el arranque y compilación de JSP .
02-Aug-2023 22:49:16.825 INFO [main] org.apache.catalina.startup.HostConfig.deployDirectory Deployment of web application directory [C:\Users\jose\Desktop\Javaweb MVC POO-20230802T034113Z-001\Javaweb MVC POO\instaladores\instaladores\apache-tomcat-9.0.41\apache-tomcat-9.0.41\webapps\examples] has finished in [422] ms
02-Aug-2023 22:49:16.826 INFO [main] org.apache.catalina.startup.HostConfig.deployDirectory Desplegando el directorio [C:\Users\jose\Desktop\Javaweb MVC POO-20230802T034113Z-001\Javaweb MVC POO\instaladores\instaladores\apache-tomcat-9.0.41\apache-tomcat-9.0.41\webapps\host-manager] de la aplicación web
02-Aug-2023 22:49:16.995 INFO [main] org.apache.jasper.servlet.TldScanner.scanJars Al menos un JAR, que se ha explorado buscando TLDs, aún no contenía TLDs. Activar historial de depuración para este historiador para una completa lista de los JARs que fueron explorados y de los que nos se halló TLDs. Saltarse JARs no necesarios durante la exploración puede dar lugar a una mejora de tiempo significativa en el arranque y compilación de JSP .
02-Aug-2023 22:49:17.000 INFO [main] org.apache.catalina.startup.HostConfig.deployDirectory Deployment of web application directory [C:\Users\jose\Desktop\Javaweb MVC POO-20230802T034113Z-001\Javaweb MVC POO\instaladores\instaladores\apache-tomcat-9.0.41\apache-tomcat-9.0.41\webapps\host-manager] has finished in [174] ms
02-Aug-2023 22:49:17.000 INFO [main] org.apache.catalina.startup.HostConfig.deployDirectory Desplegando el directorio [C:\Users\jose\Desktop\Javaweb MVC POO-20230802T034113Z-001\Javaweb MVC POO\instaladores\instaladores\apache-tomcat-9.0.41\apache-tomcat-9.0.41\webapps\manager] de la aplicación web
02-Aug-2023 22:49:17.079 INFO [main] org.apache.jasper.servlet.TldScanner.scanJars Al menos un JAR, que se ha explorado buscando TLDs, aún no contenía TLDs. Activar historial de depuración para este historiador para una completa lista de los JARs que fueron explorados y de los que nos se halló TLDs. Saltarse JARs no necesarios durante la exploración puede dar lugar a una mejora de tiempo significativa en el arranque y compilación de JSP .
02-Aug-2023 22:49:17.082 INFO [main] org.apache.catalina.startup.HostConfig.deployDirectory Deployment of web application directory [C:\Users\jose\Desktop\Javaweb MVC POO-20230802T034113Z-001\Javaweb MVC POO\instaladores\instaladores\apache-tomcat-9.0.41\apache-tomcat-9.0.41\webapps\manager] has finished in [82] ms
02-Aug-2023 22:49:17.083 INFO [main] org.apache.catalina.startup.HostConfig.deployDirectory Desplegando el directorio [C:\Users\jose\Desktop\Javaweb MVC POO-20230802T034113Z-001\Javaweb MVC POO\instaladores\instaladores\apache-tomcat-9.0.41\apache-tomcat-9.0.41\webapps\ROOT] de la aplicación web
02-Aug-2023 22:49:17.138 INFO [main] org.apache.jasper.servlet.TldScanner.scanJars Al menos un JAR, que se ha explorado buscando TLDs, aún no contenía TLDs. Activar historial de depuración para este historiador para una completa lista de los JARs que fueron explorados y de los que nos se halló TLDs. Saltarse JARs no necesarios durante la exploración puede dar lugar a una mejora de tiempo significativa en el arranque y compilación de JSP .
02-Aug-2023 22:49:17.138 INFO [main] org.apache.catalina.startup.HostConfig.deployDirectory Deployment of web application directory [C:\Users\jose\Desktop\Javaweb MVC POO-20230802T034113Z-001\Javaweb MVC POO\instaladores\instaladores\apache-tomcat-9.0.41\apache-tomcat-9.0.41\webapps\ROOT] has finished in [55] ms
02-Aug-2023 22:49:17.154 INFO [main] org.apache.coyote.AbstractProtocol.start Starting ProtocolHandler ["http-nio-8089"]
02-Aug-2023 22:49:17.169 INFO [main] org.apache.catalina.startup.Catalina.start Server startup in [1812] milliseconds
02-Aug-2023 23:07:18.844 INFO [main] org.apache.catalina.core.StandardServer.await Se ha recibido un comando de apagado a través del puerto de apagado. Parando la instancia del Servidor.
02-Aug-2023 23:07:18.863 INFO [main] org.apache.coyote.AbstractProtocol.pause Pausing ProtocolHandler ["http-nio-8089"]
02-Aug-2023 23:07:18.900 INFO [main] org.apache.catalina.core.StandardService.stopInternal Parando servicio [Catalina]
02-Aug-2023 23:07:19.183 INFO [main] org.apache.coyote.AbstractProtocol.stop Stopping ProtocolHandler ["http-nio-8089"]
02-Aug-2023 23:07:19.215 INFO [main] org.apache.coyote.AbstractProtocol.destroy Destroying ProtocolHandler ["http-nio-8089"]
